20200611161821 OUT:COOKHD-6216.dfw.1080:fb06612e-6e59-4bd5-a7ba-c3b0a16f93db:/DAzAAAAAAAAAP/wDwUAiJuHf0//JfHpDQAAAAAAEwAFU0FQUwEBCkNVRUkAnzQ5NCNKxqLo:DELETE
20200611161821 IN:COOKHD-6216.dfw.1080:fb06612e-6e59-4bd5-a7ba-c3b0a16f93db:/DAzAAAAAAAAAP/wDwUAiJuHf0//JfHpDQAAAAAAEwAFU0FQUwEBCkNVRUkAnzQ5NCNKxqLo:PTS-4931578125
20200611161721 OUT:COOKHD-6216.dfw.1080:261fc984-d3bc-4eef-9238-2321fa5295f9:/DA4AAAAAAAAAP/wFAUAiJt9f+//JZ9ien4AUmNiAAAAAAATAAVTQVBTAQEKQ1VFSQCfNDk0KnjChEA=:NOOP
20200611161721 IN:COOKHD-6216.dfw.1080:261fc984-d3bc-4eef-9238-2321fa5295f9:/DA4AAAAAAAAAP/wFAUAiJt9f+//JZ9ien4AUmNiAAAAAAATAAVTQVBTAQEKQ1VFSQCfNDk0KnjChEA=:PTS-4926169722
20200611155636 OUT:COOKHD-6216.dfw.1080:21fd4c26-3aea-4abb-8206-40da6b885662:/DAzAAAAAAAAAP/wDwUAe1Rjf0//HvCpKAAAAAAAEwAFU0FQUwEBCkNVRUkAnzQ5NCOXFCTt:DELETE
20200611155636 IN:COOKHD-6216.dfw.1080:21fd4c26-3aea-4abb-8206-40da6b885662:/DAzAAAAAAAAAP/wDwUAe1Rjf0//HvCpKAAAAAAAEwAFU0FQUwEBCkNVRUkAnzQ5NCOXFCTt:PTS-4814055720
20200611155536 OUT:COOKHD-6216.dfw.1080:874cc881-f8c1-4f60-ae1e-990475c13945:/DA4AAAAAAAAAP/wFAUAe1RPf+//Hp4W2n4AUmNiAAAAAAATAAVTQVBTAQEKQ1VFSQCfNDk0KjrIwQE=:NOOP
20200611155536 IN:COOKHD-6216.dfw.1080:874cc881-f8c1-4f60-ae1e-990475c13945:/DA4AAAAAAAAAP/wFAUAe1RPf+//Hp4W2n4AUmNiAAAAAAATAAVTQVBTAQEKQ1VFSQCfNDk0KjrIwQE=:PTS-4808644314
20200611152420 OUT:COOKHD-6216.dfw.1080:dea024ac-1526-4050-bff4-989fcf268722:/DAzAAAAAAAAAP/wDwUAe1NOf0//FI7uPQAAAAAAEwAFU0FQUwEBCkNVRUkAnzQ5NCM32k/H:DELETE
20200611152420 IN:COOKHD-6216.dfw.1080:dea024ac-1526-4050-bff4-989fcf268722:/DAzAAAAAAAAAP/wDwUAe1NOf0//FI7uPQAAAAAAEwAFU0FQUwEBCkNVRUkAnzQ5NCM32k/H:PTS-4639878717
20200611152320 OUT:COOKHD-6216.dfw.1080:612240fe-f5e4-40e8-9001-cd23b5406ee2:/DA4AAAAAAAAAP/wFAUAe1NLf+//FDx/IH4AUmNiAAAAAAATAAVTQVBTAQEKQ1VFSQCfNDk0Ktdl8go=:NOOP
20200611152320 IN:COOKHD-6216.dfw.1080:612240fe-f5e4-40e8-9001-cd23b5406ee2:/DA4AAAAAAAAAP/wFAUAe1NLf+//FDx/IH4AUmNiAAAAAAATAAVTQVBTAQEKQ1VFSQCfNDk0Ktdl8go=:PTS-4634476320
20200611145522 OUT:COOKHD-6216.dfw.1080:322173ef-e063-4c49-8e54-9004bf4ae5b3:/DAzAAAAAAAAAP/wDwUAe1KXf0//Czx3sgAAAAAAEwAFU0FQUwEBCkNVRUkAnzQ5NCOjI92d:DELETE
20200611145522 IN:COOKHD-6216.dfw.1080:322173ef-e063-4c49-8e54-9004bf4ae5b3:/DAzAAAAAAAAAP/wDwUAe1KXf0//Czx3sgAAAAAAEwAFU0FQUwEBCkNVRUkAnzQ5NCOjI92d:PTS-4483479474
20200611145422 OUT:COOKHD-6216.dfw.1080:c45e0126-dc01-4805-9945-0539b127fabe:/DA4AAAAAAAAAP/wFAUAe1KNf+//CunlZH4AUmNiAAAAAAATAAVTQVBTAQEKQ1VFSQCfNDk0KqJk4Ag=:NOOP
20200611145422 IN:COOKHD-6216.dfw.1080:c45e0126-dc01-4805-9945-0539b127fabe:/DA4AAAAAAAAAP/wFAUAe1KNf+//CunlZH4AUmNiAAAAAAATAAVTQVBTAQEKQ1VFSQCfNDk0KqJk4Ag=:PTS-4478068068
20200611142500 OUT:COOKHD-6216.dfw.1080:6b24176c-dd62-464f-b1be-3d3e777f2698:/DAzAAAAAAAAAP/wDwUAe1GCf0//AXW1OQAAAAAAEwAFU0FQUwEBCkNVRUkAnzQ5NCM5lJm6:DELETE
20200611142500 IN:COOKHD-6216.dfw.1080:6b24176c-dd62-464f-b1be-3d3e777f2698:/DAzAAAAAAAAAP/wDwUAe1GCf0//AXW1OQAAAAAAEwAFU0FQUwEBCkNVRUkAnzQ5NCM5lJm6:PTS-4319458617
20200611142400 OUT:COOKHD-6216.dfw.1080:bb6ea41f-a22c-40eb-a1a3-30ea208c8343:/DA4AAAAAAAAAP/wFAUAe1F/f+//ASNGHH4AUmNiAAAAAAATAAVTQVBTAQEKQ1VFSQCfNDk0KhVSVCw=:NOOP
20200611142400 IN:COOKHD-6216.dfw.1080:bb6ea41f-a22c-40eb-a1a3-30ea208c8343:/DA4AAAAAAAAAP/wFAUAe1F/f+//ASNGHH4AUmNiAAAAAAATAAVTQVBTAQEKQ1VFSQCfNDk0KhVSVCw=:PTS-4314056220
20200611134816 OUT:COOKHD-6216.dfw.1080:2307fe50-c073-49cb-a64b-6bbed39095fe:/DAzAAAAAAAAAP/wDwUAe1Ctf0/+9aLhYQAAAAAAEwAFU0FQUwEBCkNVRUkAnzQ5NCOGiZIo:DELETE
20200611134816 IN:COOKHD-6216.dfw.1080:2307fe50-c073-49cb-a64b-6bbed39095fe:/DAzAAAAAAAAAP/wDwUAe1Ctf0/+9aLhYQAAAAAAEwAFU0FQUwEBCkNVRUkAnzQ5NCOGiZIo:PTS-4121092449
20200611134716 OUT:COOKHD-6216.dfw.1080:e169d021-9610-4e99-8121-19b08a636c6f:/DA4AAAAAAAAAP/wFAUAe1Cjf+/+9VBPE34AUmNiAAAAAAATAAVTQVBTAQEKQ1VFSQCfNDk0KlA7hRU=:NOOP
20200611134716 IN:COOKHD-6216.dfw.1080:e169d021-9610-4e99-8121-19b08a636c6f:/DA4AAAAAAAAAP/wFAUAe1Cjf+/+9VBPE34AUmNiAAAAAAATAAVTQVBTAQEKQ1VFSQCfNDk0KlA7hRU=:PTS-4115681043
20200611131739 OUT:COOKHD-6216.dfw.1080:b35b8f1b-6c2c-44c5-9b31-1bbdc77fd923:/DAzAAAAAAAAAP/wDwUAe0+Lf0/+68ejYwAAAAAAEwAFU0FQUwEBCkNVRUkAnzQ5NCNHVsu6:DELETE
20200611131739 IN:COOKHD-6216.dfw.1080:b35b8f1b-6c2c-44c5-9b31-1bbdc77fd923:/DAzAAAAAAAAAP/wDwUAe0+Lf0/+68ejYwAAAAAAEwAFU0FQUwEBCkNVRUkAnzQ5NCNHVsu6:PTS-3955729251
20200611131638 OUT:COOKHD-6216.dfw.1080:8ab95c4f-f2e4-4dda-acfd-b6abc7ecf205:/DA4AAAAAAAAAP/wFAUAe093f+/+63URFX4AUmNiAAAAAAATAAVTQVBTAQEKQ1VFSQCfNDk0KoUsElY=:NOOP
20200611131638 IN:COOKHD-6216.dfw.1080:8ab95c4f-f2e4-4dda-acfd-b6abc7ecf205:/DA4AAAAAAAAAP/wFAUAe093f+/+63URFX4AUmNiAAAAAAATAAVTQVBTAQEKQ1VFSQCfNDk0KoUsElY=:PTS-3950317845
20200611124751 OUT:COOKHD-6216.dfw.1080:ffa681fb-bff1-4004-bde2-070648794107:/DAzAAAAAAAAAP/wDwUAe06Kf0/+4i/kYAAAAAAAEwAFU0FQUwEBCkNVRUkAnzQ5NCMsoh42:DELETE
20200611124751 IN:COOKHD-6216.dfw.1080:ffa681fb-bff1-4004-bde2-070648794107:/DAzAAAAAAAAAP/wDwUAe06Kf0/+4i/kYAAAAAAAEwAFU0FQUwEBCkNVRUkAnzQ5NCMsoh42:PTS-3794789472
20200611124650 OUT:COOKHD-6216.dfw.1080:cfcedef1-917a-4947-91ed-797492399287:/DA4AAAAAAAAAP/wFAUAe06Hf+/+4d11Q34AUmNiAAAAAAATAAVTQVBTAQEKQ1VFSQCfNDk0KjTZjdg=:NOOP
20200611124650 IN:COOKHD-6216.dfw.1080:cfcedef1-917a-4947-91ed-797492399287:/DA4AAAAAAAAAP/wFAUAe06Hf+/+4d11Q34AUmNiAAAAAAATAAVTQVBTAQEKQ1VFSQCfNDk0KjTZjdg=:PTS-3789387075
20200611121808 OUT:COOKHD-6216.dfw.1080:4c342ee3-733f-4b22-abf6-ac044fabf6b9:/DAzAAAAAAAAAP/wDwUADFc5f0/+2KCICgAAAAAAEwAFU0FQUwEBCkNVRUkAnzQ5NCNxrAVZ:DELETE
20200611121808 IN:COOKHD-6216.dfw.1080:4c342ee3-733f-4b22-abf6-ac044fabf6b9:/DAzAAAAAAAAAP/wDwUADFc5f0/+2KCICgAAAAAAEwAFU0FQUwEBCkNVRUkAnzQ5NCNxrAVZ:PTS-3634399242
20200611121708 OUT:COOKHD-6216.dfw.1080:fae481f0-f3ca-4243-bc8f-2beb18d4b601:/DA4AAAAAAAAAP/wFAUADFcvf+/+2E4Bd34AUmNiAAAAAAATAAVTQVBTAQEKQ1VFSQCfNDk0KlSgkgw=:NOOP
20200611121708 IN:COOKHD-6216.dfw.1080:fae481f0-f3ca-4243-bc8f-2beb18d4b601:/DA4AAAAAAAAAP/wFAUADFcvf+/+2E4Bd34AUmNiAAAAAAATAAVTQVBTAQEKQ1VFSQCfNDk0KlSgkgw=:PTS-3628990839
20200611114938 OUT:COOKHD-6216.dfw.1080:adebfee1-15f2-486e-bb45-da675b63f8f0:/DAzAAAAAAAAAP/wDwUADFYaf0/+z3O78QAAAAAAEwAFU0FQUwEBCkNVRUkAnzQ5NCM2p2bW:DELETE
20200611114938 IN:COOKHD-6216.dfw.1080:adebfee1-15f2-486e-bb45-da675b63f8f0:/DAzAAAAAAAAAP/wDwUADFYaf0/+z3O78QAAAAAAEwAFU0FQUwEBCkNVRUkAnzQ5NCM2p2bW:PTS-3480468465
20200611114838 OUT:COOKHD-6216.dfw.1080:7d6f6cd6-6dfe-46c2-9780-a2312be30fed:/DA4AAAAAAAAAP/wFAUADFYXf+/+zyFM1H4AUmNiAAAAAAATAAVTQVBTAQEKQ1VFSQCfNDk0KnmstiE=:NOOP
20200611114838 IN:COOKHD-6216.dfw.1080:7d6f6cd6-6dfe-46c2-9780-a2312be30fed:/DA4AAAAAAAAAP/wFAUADFYXf+/+zyFM1H4AUmNiAAAAAAATAAVTQVBTAQEKQ1VFSQCfNDk0KnmstiE=:PTS-3475066068
20200611111816 OUT:COOKHD-6216.dfw.1080:36f92694-bd96-4ad7-a2ca-c3f6f2161f83:/DAzAAAAAAAAAP/wDwUADFVSf0/+xVuAsgAAAAAAEwAFU0FQUwEBCkNVRUkAnzQ5NCMsr+sI:DELETE
20200611111816 IN:COOKHD-6216.dfw.1080:36f92694-bd96-4ad7-a2ca-c3f6f2161f83:/DAzAAAAAAAAAP/wDwUADFVSf0/+xVuAsgAAAAAAEwAFU0FQUwEBCkNVRUkAnzQ5NCMsr+sI:PTS-3311108274
20200611111716 OUT:COOKHD-6216.dfw.1080:45b9c83e-a43e-4e36-bb93-1383ecba0291:/DA4AAAAAAAAAP/wFAUADFVPf+/+xQkRlX4AUmNiAAAAAAATAAVTQVBTAQEKQ1VFSQCfNDk0KjCGhVY=:NOOP
20200611111716 IN:COOKHD-6216.dfw.1080:45b9c83e-a43e-4e36-bb93-1383ecba0291:/DA4AAAAAAAAAP/wFAUADFVPf+/+xQkRlX4AUmNiAAAAAAATAAVTQVBTAQEKQ1VFSQCfNDk0KjCGhVY=:PTS-3305705877
20200611074808 OUT:COOKHD-6216.dfw.1080:8a2f1b29-8437-4a96-bcdd-113942167edf:/DAzAAAAAAAAAP/wDwUFCAeXf0/+gbiweAAAAAAAEwAFU0FQUwEBCkNVRUkAnzQ5NCPtrWNg:DELETE
20200611074808 IN:COOKHD-6216.dfw.1080:8a2f1b29-8437-4a96-bcdd-113942167edf:/DAzAAAAAAAAAP/wDwUFCAeXf0/+gbiweAAAAAAAEwAFU0FQUwEBCkNVRUkAnzQ5NCPtrWNg:PTS-2176364664
20200611074708 OUT:COOKHD-6216.dfw.1080:a09550f8-07cc-4b24-b689-86ebc3c8f872:/DA4AAAAAAAAAP/wFAUFCAeNf+/+gWYeKn4AUmNiAAAAAAATAAVTQVBTAQEKQ1VFSQCfNDk0Kmddq6I=:NOOP
20200611074708 IN:COOKHD-6216.dfw.1080:a09550f8-07cc-4b24-b689-86ebc3c8f872:/DA4AAAAAAAAAP/wFAUFCAeNf+/+gWYeKn4AUmNiAAAAAAATAAVTQVBTAQEKQ1VFSQCfNDk0Kmddq6I=:PTS-2170953258
20200611072019 OUT:COOKHD-6216.dfw.1080:21b4d840-62c2-4bc8-958f-1e8cedf7199d:/DAzAAAAAAAAAP/wDwUFCAZNf0/+eMQR7QAAAAAAEwAFU0FQUwEBCkNVRUkAnzQ5NCNSLDPE:DELETE
20200611072019 IN:COOKHD-6216.dfw.1080:21b4d840-62c2-4bc8-958f-1e8cedf7199d:/DAzAAAAAAAAAP/wDwUFCAZNf0/+eMQR7QAAAAAAEwAFU0FQUwEBCkNVRUkAnzQ5NCNSLDPE:PTS-2026115565
20200611071919 OUT:COOKHD-6216.dfw.1080:6548b59c-a5f7-435b-b0c3-2187394bcc98:/DA4AAAAAAAAAP/wFAUFCAZDf+/+eHF/n34AUmNiAAAAAAATAAVTQVBTAQEKQ1VFSQCfNDk0KileQ24=:NOOP
20200611071919 IN:COOKHD-6216.dfw.1080:6548b59c-a5f7-435b-b0c3-2187394bcc98:/DA4AAAAAAAAAP/wFAUFCAZDf+/+eHF/n34AUmNiAAAAAAATAAVTQVBTAQEKQ1VFSQCfNDk0KileQ24=:PTS-2020704159
20200611065229 OUT:COOKHD-6216.dfw.1080:d2ad2576-24b2-4ca1-92e5-03b2383698e1:/DAzAAAAAAAAAP/wDwUFCAUhf0/+b89/HQAAAAAAEwAFU0FQUwEBCkNVRUkAnzQ5NCOoZFZe:DELETE
20200611065229 IN:COOKHD-6216.dfw.1080:d2ad2576-24b2-4ca1-92e5-03b2383698e1:/DAzAAAAAAAAAP/wDwUFCAUhf0/+b89/HQAAAAAAEwAFU0FQUwEBCkNVRUkAnzQ5NCOoZFZe:PTS-1875869469
20200611065129 OUT:COOKHD-6216.dfw.1080:a5eba622-6f70-4339-bf26-eadb91a3c318:/DA4AAAAAAAAAP/wFAUFCAUXf+/+b3zsz34AUmNiAAAAAAATAAVTQVBTAQEKQ1VFSQCfNDk0KrUkccM=:NOOP
20200611065129 IN:COOKHD-6216.dfw.1080:a5eba622-6f70-4339-bf26-eadb91a3c318:/DA4AAAAAAAAAP/wFAUFCAUXf+/+b3zsz34AUmNiAAAAAAATAAVTQVBTAQEKQ1VFSQCfNDk0KrUkccM=:PTS-1870458063
20200611062045 OUT:COOKHD-6216.dfw.1080:b37d8152-a5fc-41f6-8160-0a1c24e1227e:/DAzAAAAAAAAAP/wDwUFCAPhf0/+ZZgPawAAAAAAEwAFU0FQUwEBCkNVRUkAnzQ5NCMepZY7:DELETE
20200611062045 IN:COOKHD-6216.dfw.1080:b37d8152-a5fc-41f6-8160-0a1c24e1227e:/DAzAAAAAAAAAP/wDwUFCAPhf0/+ZZgPawAAAAAAEwAFU0FQUwEBCkNVRUkAnzQ5NCMepZY7:PTS-1704464235
20200611061945 OUT:COOKHD-6216.dfw.1080:681efa7b-5d69-49f7-86fc-03c367f247c6:/DA4AAAAAAAAAP/wFAUFCAPXf+/+ZUV9HX4AUmNiAAAAAAATAAVTQVBTAQEKQ1VFSQCfNDk0KjbePYg=:NOOP
20200611061945 IN:COOKHD-6216.dfw.1080:681efa7b-5d69-49f7-86fc-03c367f247c6:/DA4AAAAAAAAAP/wFAUFCAPXf+/+ZUV9HX4AUmNiAAAAAAATAAVTQVBTAQEKQ1VFSQCfNDk0KjbePYg=:PTS-1699052829
20200611053758 OUT:COOKHD-6216.dfw.1080:1d46371c-0f51-497f-8a68-8b546ccf9412:/DAzAAAAAAAAAP/wDwUFCAL7f0/+V9MxHAAAAAAAEwAFU0FQUwEBCkNVRUkAnzQ5NCPMiXx/:DELETE
20200611053758 IN:COOKHD-6216.dfw.1080:1d46371c-0f51-497f-8a68-8b546ccf9412:/DAzAAAAAAAAAP/wDwUFCAL7f0/+V9MxHAAAAAAAEwAFU0FQUwEBCkNVRUkAnzQ5NCPMiXx/:PTS-1473458460
20200611053658 OUT:COOKHD-6216.dfw.1080:b48f79cb-2556-407a-b1f3-f5241a1a8d36:/DA4AAAAAAAAAP/wFAUFCALxf+/+V4Cezn4AUmNiAAAAAAATAAVTQVBTAQEKQ1VFSQCfNDk0Kn0U9Kc=:NOOP
20200611053658 IN:COOKHD-6216.dfw.1080:b48f79cb-2556-407a-b1f3-f5241a1a8d36:/DA4AAAAAAAAAP/wFAUFCALxf+/+V4Cezn4AUmNiAAAAAAATAAVTQVBTAQEKQ1VFSQCfNDk0Kn0U9Kc=:PTS-1468047054
20200611051712 OUT:COOKHD-6216.dfw.1080:ba4af48e-df44-43e3-a1bc-9bbb64092ebd:/DAzAAAAAAAAAP/wDwUFCAKXf0/+USPfSwAAAAAAEwAFU0FQUwEBCkNVRUkAnzQ5NCPBhRHZ:DELETE
20200611051712 IN:COOKHD-6216.dfw.1080:ba4af48e-df44-43e3-a1bc-9bbb64092ebd:/DAzAAAAAAAAAP/wDwUFCAKXf0/+USPfSwAAAAAAEwAFU0FQUwEBCkNVRUkAnzQ5NCPBhRHZ:PTS-1361305419
20200611051612 OUT:COOKHD-6216.dfw.1080:89f8c5f9-f695-4d38-aeed-386e918b9933:/DA4AAAAAAAAAP/wFAUFCAKDf+/+UNFBQn4AUmNiAAAAAAATAAVTQVBTAQEKQ1VFSQCfNDk0Ki7IoKo=:NOOP
20200611051612 IN:COOKHD-6216.dfw.1080:89f8c5f9-f695-4d38-aeed-386e918b9933:/DA4AAAAAAAAAP/wFAUFCAKDf+/+UNFBQn4AUmNiAAAAAAATAAVTQVBTAQEKQ1VFSQCfNDk0Ki7IoKo=:PTS-1355891010
20200611044813 OUT:COOKHD-6216.dfw.1080:daf3b2f2-4534-4b38-bb01-078ad396ff31:/DAzAAAAAAAAAP/wDwUFCAHtf0/+R9BmrgAAAAAAEwAFU0FQUwEBCkNVRUkAnzQ5NCMcoVSJ:DELETE
20200611044813 IN:COOKHD-6216.dfw.1080:daf3b2f2-4534-4b38-bb01-078ad396ff31:/DAzAAAAAAAAAP/wDwUFCAHtf0/+R9BmrgAAAAAAEwAFU0FQUwEBCkNVRUkAnzQ5NCMcoVSJ:PTS-1204840110
20200611044713 OUT:COOKHD-6216.dfw.1080:f1dbba2a-6d6b-44f7-919b-a2c7fc2b1d35:/DA4AAAAAAAAAP/wFAUFCAHZf+/+R33IpX4AUmNiAAAAAAATAAVTQVBTAQEKQ1VFSQCfNDk0KqCPlSg=:NOOP
20200611044713 IN:COOKHD-6216.dfw.1080:f1dbba2a-6d6b-44f7-919b-a2c7fc2b1d35:/DA4AAAAAAAAAP/wFAUFCAHZf+/+R33IpX4AUmNiAAAAAAATAAVTQVBTAQEKQ1VFSQCfNDk0KqCPlSg=:PTS-1199425701
20200611041757 OUT:COOKHD-6216.dfw.1080:3c18ab47-d2f4-4d56-a82c-70a0fb2c9e2e:/DAzAAAAAAAAAP/wDwUFCACtf0/+PhLOTQAAAAAAEwAFU0FQUwEBCkNVRUkAnzQ5NCPEo7t0:DELETE
20200611041757 IN:COOKHD-6216.dfw.1080:3c18ab47-d2f4-4d56-a82c-70a0fb2c9e2e:/DAzAAAAAAAAAP/wDwUFCACtf0/+PhLOTQAAAAAAEwAFU0FQUwEBCkNVRUkAnzQ5NCPEo7t0:PTS-1041419853
20200611041657 OUT:COOKHD-6216.dfw.1080:0335a402-e9a6-4126-b8e1-f62c7689682a:/DA4AAAAAAAAAP/wFAUFCACZf+/+PcAwRH4AUmNiAAAAAAATAAVTQVBTAQEKQ1VFSQCfNDk0KiSpcrw=:NOOP
20200611041657 IN:COOKHD-6216.dfw.1080:0335a402-e9a6-4126-b8e1-f62c7689682a:/DA4AAAAAAAAAP/wFAUFCACZf+/+PcAwRH4AUmNiAAAAAAATAAVTQVBTAQEKQ1VFSQCfNDk0KiSpcrw=:PTS-1036005444
20200611034803 OUT:COOKHD-6216.dfw.1080:412d8af2-e290-425f-b9e6-dba7dc82f77b:/DAzAAAAAAAAAP/wDwUFB/93f0/+NHLy/wAAAAAAEwAFU0FQUwEBCkNVRUkAnzQ5NCOg/MyL:DELETE
20200611034803 IN:COOKHD-6216.dfw.1080:412d8af2-e290-425f-b9e6-dba7dc82f77b:/DAzAAAAAAAAAP/wDwUFB/93f0/+NHLy/wAAAAAAEwAFU0FQUwEBCkNVRUkAnzQ5NCOg/MyL:PTS-879948543
20200611034703 OUT:COOKHD-6216.dfw.1080:d78f9824-9320-4436-b154-d124cea866df:/DA4AAAAAAAAAP/wFAUFB/9tf+/+NCBsbH4AUmNiAAAAAAATAAVTQVBTAQEKQ1VFSQCfNDk0KsOFGBM=:NOOP
20200611034703 IN:COOKHD-6216.dfw.1080:d78f9824-9320-4436-b154-d124cea866df:/DA4AAAAAAAAAP/wFAUFB/9tf+/+NCBsbH4AUmNiAAAAAAATAAVTQVBTAQEKQ1VFSQCfNDk0KsOFGBM=:PTS-874540140
20200611032029 OUT:COOKHD-6216.dfw.1080:44087e31-b8ae-4d14-af87-494443fa27e8:/DAzAAAAAAAAAP/wDwUAgO93f0/+K5MKoAAAAAAAEwAFU0FQUwEBCkNVRUkAnzQ5NCMGVesP:DELETE
20200611032029 IN:COOKHD-6216.dfw.1080:44087e31-b8ae-4d14-af87-494443fa27e8:/DAzAAAAAAAAAP/wDwUAgO93f0/+K5MKoAAAAAAAEwAFU0FQUwEBCkNVRUkAnzQ5NCMGVesP:PTS-731056800
20200611031929 OUT:COOKHD-6216.dfw.1080:a76fd708-1887-4099-842f-244a2b06e0f3:/DA4AAAAAAAAAP/wFAUAgO9jf+/+K0Bsl34AUmNiAAAAAAATAAVTQVBTAQEKQ1VFSQCfNDk0KjE+t60=:NOOP
20200611031929 IN:COOKHD-6216.dfw.1080:a76fd708-1887-4099-842f-244a2b06e0f3:/DA4AAAAAAAAAP/wFAUAgO9jf+/+K0Bsl34AUmNiAAAAAAATAAVTQVBTAQEKQ1VFSQCfNDk0KjE+t60=:PTS-725642391
20200611025209 OUT:COOKHD-6216.dfw.1080:66841ff4-3795-464d-8864-f78f2d949b35:/DAzAAAAAAAAAP/wDwUAgO4tf0/+InULeAAAAAAAEwAFU0FQUwEBCkNVRUkAnzQ5NCONN1YV:DELETE
20200611025209 IN:COOKHD-6216.dfw.1080:66841ff4-3795-464d-8864-f78f2d949b35:/DAzAAAAAAAAAP/wDwUAgO4tf0/+InULeAAAAAAAEwAFU0FQUwEBCkNVRUkAnzQ5NCONN1YV:PTS-578095992
20200611025109 OUT:COOKHD-6216.dfw.1080:8fcc897b-8b48-4264-b781-6c889cc94938:/DA4AAAAAAAAAP/wFAUAgO4jf+/+IiKE5X4AUmNiAAAAAAATAAVTQVBTAQEKQ1VFSQCfNDk0Kk28Jj4=:NOOP
20200611025109 IN:COOKHD-6216.dfw.1080:8fcc897b-8b48-4264-b781-6c889cc94938:/DA4AAAAAAAAAP/wFAUAgO4jf+/+IiKE5X4AUmNiAAAAAAATAAVTQVBTAQEKQ1VFSQCfNDk0Kk28Jj4=:PTS-572687589
20200611022040 OUT:COOKHD-6216.dfw.1080:d0e98f57-d7b6-4b53-ae6e-7779ce5dc0cc:/DAzAAAAAAAAAP/wDwUAgOz3f0/+GFJdrQAAAAAAEwAFU0FQUwEBCkNVRUkAnzQ5NCOfKZsv:DELETE
20200611022040 IN:COOKHD-6216.dfw.1080:d0e98f57-d7b6-4b53-ae6e-7779ce5dc0cc:/DAzAAAAAAAAAP/wDwUAgOz3f0/+GFJdrQAAAAAAEwAFU0FQUwEBCkNVRUkAnzQ5NCOfKZsv:PTS-408051117
20200611021940 OUT:COOKHD-6216.dfw.1080:a2f33d91-0673-4fbb-829a-76cd49d41b47:/DA4AAAAAAAAAP/wFAUAgOzjf+/+F//LX34AUmNiAAAAAAATAAVTQVBTAQEKQ1VFSQCfNDk0KhwSwE8=:NOOP
20200611021940 IN:COOKHD-6216.dfw.1080:a2f33d91-0673-4fbb-829a-76cd49d41b47:/DA4AAAAAAAAAP/wFAUAgOzjf+/+F//LX34AUmNiAAAAAAATAAVTQVBTAQEKQ1VFSQCfNDk0KhwSwE8=:PTS-402639711
20200611013754 OUT:COOKHD-6216.dfw.1080:be55dbd2-1593-4835-878d-ae3cbf5d5150:/DAzAAAAAAAAAP/wDwUAgOwHf0/+Co2W1AAAAAAAEwAFU0FQUwEBCkNVRUkAnzQ5NCOWapFo:DELETE
20200611013754 IN:COOKHD-6216.dfw.1080:be55dbd2-1593-4835-878d-ae3cbf5d5150:/DAzAAAAAAAAAP/wDwUAgOwHf0/+Co2W1AAAAAAAEwAFU0FQUwEBCkNVRUkAnzQ5NCOWapFo:PTS-177051348
20200611013654 OUT:COOKHD-6216.dfw.1080:a7f8c923-ce62-4a15-844d-01724c58272c:/DA4AAAAAAAAAP/wFAUAgOv9f+/+CjsEhn4AUmNiAAAAAAATAAVTQVBTAQEKQ1VFSQCfNDk0KgsLJqU=:NOOP
20200611013654 IN:COOKHD-6216.dfw.1080:a7f8c923-ce62-4a15-844d-01724c58272c:/DA4AAAAAAAAAP/wFAUAgOv9f+/+CjsEhn4AUmNiAAAAAAATAAVTQVBTAQEKQ1VFSQCfNDk0KgsLJqU=:PTS-171639942
20200611011708 OUT:COOKHD-6216.dfw.1080:a5e86d7b-43f6-48c3-a41d-b217d3975b86:/DAzAAAAAAAAAP/wDwUAgOujf0/+A95FAwAAAAAAEwAFU0FQUwEBCkNVRUkAnzQ5NCP9d9+Z:DELETE
20200611011708 IN:COOKHD-6216.dfw.1080:a5e86d7b-43f6-48c3-a41d-b217d3975b86:/DAzAAAAAAAAAP/wDwUAgOujf0/+A95FAwAAAAAAEwAFU0FQUwEBCkNVRUkAnzQ5NCP9d9+Z:PTS-64898307
20200611011608 OUT:COOKHD-6216.dfw.1080:5341d4da-c1a8-4f79-b69e-011559d25aa2:/DA4AAAAAAAAAP/wFAUAgOuPf+/+A4um+n4AUmNiAAAAAAATAAVTQVBTAQEKQ1VFSQCfNDk0Khs28bQ=:NOOP
20200611011608 IN:COOKHD-6216.dfw.1080:5341d4da-c1a8-4f79-b69e-011559d25aa2:/DA4AAAAAAAAAP/wFAUAgOuPf+/+A4um+n4AUmNiAAAAAAATAAVTQVBTAQEKQ1VFSQCfNDk0Khs28bQ=:PTS-59483898
20200611004735 OUT:COOKHD-6216.dfw.1080:b11ef8f8-3cf6-4272-aef1-7845ebb93957:/DAzAAAAAAAAAP/wDwUAgOrvf0//+lvsIQAAAAAAEwAFU0FQUwEBCkNVRUkAnzQ5NCPSPqqe:DELETE
20200611004735 IN:COOKHD-6216.dfw.1080:b11ef8f8-3cf6-4272-aef1-7845ebb93957:/DAzAAAAAAAAAP/wDwUAgOrvf0//+lvsIQAAAAAAEwAFU0FQUwEBCkNVRUkAnzQ5NCPSPqqe:PTS-8495295521
20200611004635 OUT:COOKHD-6216.dfw.1080:1804679f-11c1-40bb-97b3-06c32725acb4:/DA4AAAAAAAAAP/wFAUAgOrlf+//+glljn4AUmNiAAAAAAATAAVTQVBTAQEKQ1VFSQCfNDk0KlBZoxs=:NOOP
20200611004635 IN:COOKHD-6216.dfw.1080:1804679f-11c1-40bb-97b3-06c32725acb4:/DA4AAAAAAAAAP/wFAUAgOrlf+//+glljn4AUmNiAAAAAAATAAVTQVBTAQEKQ1VFSQCfNDk0KlBZoxs=:PTS-8489887118
20200611001749 OUT:COOKHD-6216.dfw.1080:b6f9fa69-d562-408f-be1e-fc44d7d0fb82:/DAzAAAAAAAAAP/wDwUAgOnDf0//8Me0XQAAAAAAEwAFU0FQUwEBCkNVRUkAnzQ5NCPQKO01:DELETE
20200611001749 IN:COOKHD-6216.dfw.1080:b6f9fa69-d562-408f-be1e-fc44d7d0fb82:/DAzAAAAAAAAAP/wDwUAgOnDf0//8Me0XQAAAAAAEwAFU0FQUwEBCkNVRUkAnzQ5NCPQKO01:PTS-8334586973
20200611001649 OUT:COOKHD-6216.dfw.1080:6973613b-0307-4637-9433-544b2406b229:/DA4AAAAAAAAAP/wFAUAgOmvf+//8HUWVH4AUmNiAAAAAAATAAVTQVBTAQEKQ1VFSQCfNDk0KptUum8=:NOOP
20200611001649 IN:COOKHD-6216.dfw.1080:6973613b-0307-4637-9433-544b2406b229:/DA4AAAAAAAAAP/wFAUAgOmvf+//8HUWVH4AUmNiAAAAAAATAAVTQVBTAQEKQ1VFSQCfNDk0KptUum8=:PTS-8329172564
20200610235027 OUT:COOKHD-6216.dfw.1080:b2a42a93-1c23-467b-bbab-6734263402e9:/DAzAAAAAAAAAP/wDwUAgOiDf0//5/idEwAAAAAAEwAFU0FQUwEBCkNVRUkAnzQ5NCNvKY4I:DELETE
20200610235027 IN:COOKHD-6216.dfw.1080:b2a42a93-1c23-467b-bbab-6734263402e9:/DAzAAAAAAAAAP/wDwUAgOiDf0//5/idEwAAAAAAEwAFU0FQUwEBCkNVRUkAnzQ5NCNvKY4I:PTS-8186797331
20200610234927 OUT:COOKHD-6216.dfw.1080:8b295433-372d-4f02-bf7b-db3f4d2246a9:/DA4AAAAAAAAAP/wFAUAgOhvf+//56YKxX4AUmNiAAAAAAATAAVTQVBTAQEKQ1VFSQCfNDk0KjO0hSg=:NOOP
20200610234927 IN:COOKHD-6216.dfw.1080:8b295433-372d-4f02-bf7b-db3f4d2246a9:/DA4AAAAAAAAAP/wFAUAgOhvf+//56YKxX4AUmNiAAAAAAATAAVTQVBTAQEKQ1VFSQCfNDk0KjO0hSg=:PTS-8181385925
20200610232135 OUT:COOKHD-6216.dfw.1080:623bfea5-bc68-4e72-b55f-36361d637f02:/DAzAAAAAAAAAP/wDwUAgOcRf0//3q1MfAAAAAAAEwAFU0FQUwEBCkNVRUkAnzQ5NCNPWglh:DELETE
20200610232135 IN:COOKHD-6216.dfw.1080:623bfea5-bc68-4e72-b55f-36361d637f02:/DAzAAAAAAAAAP/wDwUAgOcRf0//3q1MfAAAAAAAEwAFU0FQUwEBCkNVRUkAnzQ5NCNPWglh:PTS-8030866556
20200610232035 OUT:COOKHD-6216.dfw.1080:05858765-2ebd-41c1-a628-95dbe5b0126c:/DA4AAAAAAAAAP/wFAUAgOb9f+//3lq6Ln4AUmNiAAAAAAATAAVTQVBTAQEKQ1VFSQCfNDk0Kjq9vRo=:NOOP
20200610232035 IN:COOKHD-6216.dfw.1080:05858765-2ebd-41c1-a628-95dbe5b0126c:/DA4AAAAAAAAAP/wFAUAgOb9f+//3lq6Ln4AUmNiAAAAAAATAAVTQVBTAQEKQ1VFSQCfNDk0Kjq9vRo=:PTS-8025455150
20200610225012 OUT:COOKHD-6216.dfw.1080:b5e2b7d3-540a-4ec4-9ef6-fe06f2a8f1b9:/DAzAAAAAAAAAP/wDwUAgOWzf0//1JQa5gAAAAAAEwAFU0FQUwEBCkNVRUkAnzQ5NCNL7U7T:DELETE
20200610225012 IN:COOKHD-6216.dfw.1080:b5e2b7d3-540a-4ec4-9ef6-fe06f2a8f1b9:/DAzAAAAAAAAAP/wDwUAgOWzf0//1JQa5gAAAAAAEwAFU0FQUwEBCkNVRUkAnzQ5NCNL7U7T:PTS-7861443302
20200610224911 OUT:COOKHD-6216.dfw.1080:dbf8867e-8487-4e01-b3c9-e3b13d8100f9:/DA4AAAAAAAAAP/wFAUAgOWff+//1EGImH4AUmNiAAAAAAATAAVTQVBTAQEKQ1VFSQCfNDk0Ks+fBk8=:NOOP
20200610224911 IN:COOKHD-6216.dfw.1080:dbf8867e-8487-4e01-b3c9-e3b13d8100f9:/DA4AAAAAAAAAP/wFAUAgOWff+//1EGImH4AUmNiAAAAAAATAAVTQVBTAQEKQ1VFSQCfNDk0Ks+fBk8=:PTS-7856031896
20200610221751 OUT:COOKHD-6216.dfw.1080:5b51fbc5-5fbc-43bd-ab52-0aee17b24f5e:/DAzAAAAAAAAAP/wDwUAgOSHf0//yio39QAAAAAAEwAFU0FQUwEBCkNVRUkAnzQ5NCMeog1/:DELETE
20200610221751 IN:COOKHD-6216.dfw.1080:5b51fbc5-5fbc-43bd-ab52-0aee17b24f5e:/DAzAAAAAAAAAP/wDwUAgOSHf0//yio39QAAAAAAEwAFU0FQUwEBCkNVRUkAnzQ5NCMeog1/:PTS-7686731765
20200610221650 OUT:COOKHD-6216.dfw.1080:08cdc428-8f73-453a-abde-a4006210c8b6:/DA4AAAAAAAAAP/wFAUAgORzf+//ydelp34AUmNiAAAAAAATAAVTQVBTAQEKQ1VFSQCfNDk0Kk5vM9Q=:NOOP
20200610221650 IN:COOKHD-6216.dfw.1080:08cdc428-8f73-453a-abde-a4006210c8b6:/DA4AAAAAAAAAP/wFAUAgORzf+//ydelp34AUmNiAAAAAAATAAVTQVBTAQEKQ1VFSQCfNDk0Kk5vM9Q=:PTS-7681320359
20200610214949 OUT:COOKHD-6216.dfw.1080:d05d68ad-413e-4d99-b39c-eec92cafcd50:/DAzAAAAAAAAAP/wDwUAgOM9f0//wSUacgAAAAAAEwAFU0FQUwEBCkNVRUkAnzQ5NCNXQVoc:DELETE
20200610214949 IN:COOKHD-6216.dfw.1080:d05d68ad-413e-4d99-b39c-eec92cafcd50:/DAzAAAAAAAAAP/wDwUAgOM9f0//wSUacgAAAAAAEwAFU0FQUwEBCkNVRUkAnzQ5NCNXQVoc:PTS-7535401586
20200610214849 OUT:COOKHD-6216.dfw.1080:677f6f80-0b99-433b-b439-22e0f3b912fb:/DA4AAAAAAAAAP/wFAUAgOMzf+//wNKT334AUmNiAAAAAAATAAVTQVBTAQEKQ1VFSQCfNDk0KnDtX6U=:NOOP
20200610214849 IN:COOKHD-6216.dfw.1080:677f6f80-0b99-433b-b439-22e0f3b912fb:/DA4AAAAAAAAAP/wFAUAgOMzf+//wNKT334AUmNiAAAAAAATAAVTQVBTAQEKQ1VFSQCfNDk0KnDtX6U=:PTS-7529993183
20200610211943 OUT:COOKHD-6216.dfw.1080:0375649a-02e2-48a1-b0c4-084937dca6ae:/DAzAAAAAAAAAP/wDwUAdPrrf0//t3WHlwAAAAAAEwAFU0FQUwEBCkNVRUkAnzQ5NCMLd8wR:DELETE
20200610211943 IN:COOKHD-6216.dfw.1080:0375649a-02e2-48a1-b0c4-084937dca6ae:/DAzAAAAAAAAAP/wDwUAdPrrf0//t3WHlwAAAAAAEwAFU0FQUwEBCkNVRUkAnzQ5NCMLd8wR:PTS-7372900247
20200610211843 OUT:COOKHD-6216.dfw.1080:dce21607-52a5-432b-a2d3-ca6d6bbfc6be:/DA4AAAAAAAAAP/wFAUAdPrhf+//tyMMv34AUmNiAAAAAAATAAVTQVBTAQEKQ1VFSQCfNDk0KryjZrQ=:NOOP
20200610211843 IN:COOKHD-6216.dfw.1080:dce21607-52a5-432b-a2d3-ca6d6bbfc6be:/DA4AAAAAAAAAP/wFAUAdPrhf+//tyMMv34AUmNiAAAAAAATAAVTQVBTAQEKQ1VFSQCfNDk0KryjZrQ=:PTS-7367494847
20200610204914 OUT:COOKHD-6216.dfw.1080:4aab798e-c537-4ae8-9e7a-ad2d48b2eb86:/DAzAAAAAAAAAP/wDwUAdPlvf0//raUChwAAAAAAEwAFU0FQUwEBCkNVRUkAnzQ5NCMK3ol/:DELETE
20200610204914 IN:COOKHD-6216.dfw.1080:4aab798e-c537-4ae8-9e7a-ad2d48b2eb86:/DAzAAAAAAAAAP/wDwUAdPlvf0//raUChwAAAAAAEwAFU0FQUwEBCkNVRUkAnzQ5NCMK3ol/:PTS-7208239751
20200610204814 OUT:COOKHD-6216.dfw.1080:4edda09b-5d87-43e1-91c9-9a51c3d08e1d:/DA4AAAAAAAAAP/wFAUAdPlbf+//rVJwOX4AUmNiAAAAAAATAAVTQVBTAQEKQ1VFSQCfNDk0KtYhRPU=:NOOP
20200610204814 IN:COOKHD-6216.dfw.1080:4edda09b-5d87-43e1-91c9-9a51c3d08e1d:/DA4AAAAAAAAAP/wFAUAdPlbf+//rVJwOX4AUmNiAAAAAAATAAVTQVBTAQEKQ1VFSQCfNDk0KtYhRPU=:PTS-7202828345
20200610202007 OUT:COOKHD-6216.dfw.1080:88579662-2331-44ad-b7b9-7cd0f61d6799:/DAzAAAAAAAAAP/wDwUAdPhDf0//pEatywAAAAAAEwAFU0FQUwEBCkNVRUkAnzQ5NCOStzna:DELETE
20200610202007 IN:COOKHD-6216.dfw.1080:88579662-2331-44ad-b7b9-7cd0f61d6799:/DAzAAAAAAAAAP/wDwUAdPhDf0//pEatywAAAAAAEwAFU0FQUwEBCkNVRUkAnzQ5NCOStzna:PTS-7051062731
20200610201907 OUT:COOKHD-6216.dfw.1080:133035ed-5e35-4c92-9a71-837d08777de8:/DA4AAAAAAAAAP/wFAUAdPg5f+//o/QbfX4AUmNiAAAAAAATAAVTQVBTAQEKQ1VFSQCfNDk0KsebYS0=:NOOP
20200610201907 IN:COOKHD-6216.dfw.1080:133035ed-5e35-4c92-9a71-837d08777de8:/DA4AAAAAAAAAP/wFAUAdPg5f+//o/QbfX4AUmNiAAAAAAATAAVTQVBTAQEKQ1VFSQCfNDk0KsebYS0=:PTS-7045651325
20200610194938 OUT:COOKHD-6216.dfw.1080:1d542153-699e-466a-980a-026e9954dc48:/DAzAAAAAAAAAP/wDwUAdPchf0//mnZXpwAAAAAAEwAFU0FQUwEBCkNVRUkAnzQ5NCPaHSwI:DELETE
20200610194938 IN:COOKHD-6216.dfw.1080:1d542153-699e-466a-980a-026e9954dc48:/DAzAAAAAAAAAP/wDwUAdPchf0//mnZXpwAAAAAAEwAFU0FQUwEBCkNVRUkAnzQ5NCPaHSwI:PTS-6886414247
20200610194838 OUT:COOKHD-6216.dfw.1080:a9e70046-7521-4d44-9bbd-e2a3bfd6f1e6:/DA4AAAAAAAAAP/wFAUAdPcNf+//miPFWX4AUmNiAAAAAAATAAVTQVBTAQEKQ1VFSQCfNDk0KkN13Bw=:NOOP
20200610194838 IN:COOKHD-6216.dfw.1080:a9e70046-7521-4d44-9bbd-e2a3bfd6f1e6:/DA4AAAAAAAAAP/wFAUAdPcNf+//miPFWX4AUmNiAAAAAAATAAVTQVBTAQEKQ1VFSQCfNDk0KkN13Bw=:PTS-6881002841
20200610191954 OUT:COOKHD-6216.dfw.1080:dd90c77c-a46c-4444-9f17-a4e5e337957b:/DAzAAAAAAAAAP/wDwUAdPYJf0//kOPpYAAAAAAAEwAFU0FQUwEBCkNVRUkAnzQ5NCNOXVxJ:DELETE
20200610191954 IN:COOKHD-6216.dfw.1080:dd90c77c-a46c-4444-9f17-a4e5e337957b:/DAzAAAAAAAAAP/wDwUAdPYJf0//kOPpYAAAAAAAEwAFU0FQUwEBCkNVRUkAnzQ5NCNOXVxJ:PTS-6725822816
20200610191854 OUT:COOKHD-6216.dfw.1080:f5a092ab-1704-4877-95ba-2eae0e3592e0:/DA4AAAAAAAAAP/wFAUAdPX/f+//kJFizX4AUmNiAAAAAAATAAVTQVBTAQEKQ1VFSQCfNDk0KkqCpyo=:NOOP
20200610191854 IN:COOKHD-6216.dfw.1080:f5a092ab-1704-4877-95ba-2eae0e3592e0:/DA4AAAAAAAAAP/wFAUAdPX/f+//kJFizX4AUmNiAAAAAAATAAVTQVBTAQEKQ1VFSQCfNDk0KkqCpyo=:PTS-6720414413
20200610184935 OUT:COOKHD-6216.dfw.1080:3f735350-e32c-4916-8af5-79acfe781826:/DAzAAAAAAAAAP/wDwUAdPTnf0//hyLs8QAAAAAAEwAFU0FQUwEBCkNVRUkAnzQ5NCMEHjy4:DELETE
20200610184935 IN:COOKHD-6216.dfw.1080:3f735350-e32c-4916-8af5-79acfe781826:/DAzAAAAAAAAAP/wDwUAdPTnf0//hyLs8QAAAAAAEwAFU0FQUwEBCkNVRUkAnzQ5NCMEHjy4:PTS-6562180337
20200610184836 OUT:COOKHD-6216.dfw.1080:20225594-ac96-4c25-b2e4-dfd6c10acc00:/DA4AAAAAAAAAP/wFAUAdPTTf+//htBao34AUmNiAAAAAAATAAVTQVBTAQEKQ1VFSQCfNDk0KivNqSw=:NOOP
20200610184836 IN:COOKHD-6216.dfw.1080:20225594-ac96-4c25-b2e4-dfd6c10acc00:/DA4AAAAAAAAAP/wFAUAdPTTf+//htBao34AUmNiAAAAAAATAAVTQVBTAQEKQ1VFSQCfNDk0KivNqSw=:PTS-6556768931
20200610181924 OUT:COOKHD-6216.dfw.1080:59f45b56-5c87-47d2-8739-c1330ebc262f:/DAzAAAAAAAAAP/wDwUAdPOnf0//fWs9ywAAAAAAEwAFU0FQUwEBCkNVRUkAnzQ5NCOXjA3T:DELETE
20200610181924 IN:COOKHD-6216.dfw.1080:59f45b56-5c87-47d2-8739-c1330ebc262f:/DAzAAAAAAAAAP/wDwUAdPOnf0//fWs9ywAAAAAAEwAFU0FQUwEBCkNVRUkAnzQ5NCOXjA3T:PTS-6399147467
20200610181824 OUT:COOKHD-6216.dfw.1080:24912e41-6557-4a13-8925-6bff70f65044:/DA4AAAAAAAAAP/wFAUAdPOTf+//fRirfX4AUmNiAAAAAAATAAVTQVBTAQEKQ1VFSQCfNDk0Ku3Wdfc=:NOOP
20200610181824 IN:COOKHD-6216.dfw.1080:24912e41-6557-4a13-8925-6bff70f65044:/DA4AAAAAAAAAP/wFAUAdPOTf+//fRirfX4AUmNiAAAAAAATAAVTQVBTAQEKQ1VFSQCfNDk0Ku3Wdfc=:PTS-6393736061
20200610174701 OUT:COOKHD-6216.dfw.1080:a6976ddc-25f4-49a1-aaa4-18dd46d2cc03:/DAzAAAAAAAAAP/wDwUAdPKZf0//cv6+NwAAAAAAEwAFU0FQUwEBCkNVRUkAnzQ5NCNv8Rbc:DELETE
20200610174701 IN:COOKHD-6216.dfw.1080:a6976ddc-25f4-49a1-aaa4-18dd46d2cc03:/DAzAAAAAAAAAP/wDwUAdPKZf0//cv6+NwAAAAAAEwAFU0FQUwEBCkNVRUkAnzQ5NCNv8Rbc:PTS-6224264759
20200610174601 OUT:COOKHD-6216.dfw.1080:a5008be9-f232-4a27-a709-f80fcd4b30cc:/DA4AAAAAAAAAP/wFAUAdPKFf+//cqwr6X4AUmNiAAAAAAATAAVTQVBTAQEKQ1VFSQCfNDk0KrrVDL4=:NOOP
20200610174601 IN:COOKHD-6216.dfw.1080:a5008be9-f232-4a27-a709-f80fcd4b30cc:/DA4AAAAAAAAAP/wFAUAdPKFf+//cqwr6X4AUmNiAAAAAAATAAVTQVBTAQEKQ1VFSQCfNDk0KrrVDL4=:PTS-6218853353
20200610172042 OUT:COOKHD-6216.dfw.1080:26afad08-c4b5-4a41-ac76-46729fce97bf:/DAzAAAAAAAAAP/wDwUAdPGLf0//aoc32gAAAAAAEwAFU0FQUwEBCkNVRUkAnzQ5NCNuF81g:DELETE
20200610172042 IN:COOKHD-6216.dfw.1080:26afad08-c4b5-4a41-ac76-46729fce97bf:/DAzAAAAAAAAAP/wDwUAdPGLf0//aoc32gAAAAAAEwAFU0FQUwEBCkNVRUkAnzQ5NCNuF81g:PTS-6082213850
20200610171942 OUT:COOKHD-6216.dfw.1080:937bf89f-396a-4a31-b848-0aa44b48eccc:/DA4AAAAAAAAAP/wFAUAdPF3f+//ajSljH4AUmNiAAAAAAATAAVTQVBTAQEKQ1VFSQCfNDk0KqP8f1Q=:NOOP
20200610171942 IN:COOKHD-6216.dfw.1080:937bf89f-396a-4a31-b848-0aa44b48eccc:/DA4AAAAAAAAAP/wFAUAdPF3f+//ajSljH4AUmNiAAAAAAATAAVTQVBTAQEKQ1VFSQCfNDk0KqP8f1Q=:PTS-6076802444
20200610165055 OUT:COOKHD-6216.dfw.1080:d49173b9-e53f-4894-ba75-cd4f7230505d:/DAzAAAAAAAAAP/wDwUAdPBff0//YPBAQgAAAAAAEwAFU0FQUwEBCkNVRUkAnzQ5NCMY208M:DELETE
20200610165055 IN:COOKHD-6216.dfw.1080:d49173b9-e53f-4894-ba75-cd4f7230505d:/DAzAAAAAAAAAP/wDwUAdPBff0//YPBAQgAAAAAAEwAFU0FQUwEBCkNVRUkAnzQ5NCMY208M:PTS-5921325122
20200610164955 OUT:COOKHD-6216.dfw.1080:dc757d0b-baef-4016-8995-02e90c330da9:/DA4AAAAAAAAAP/wFAUAdPBLf+//YJ2t9H4AUmNiAAAAAAATAAVTQVBTAQEKQ1VFSQCfNDk0Kv/0rhs=:NOOP
20200610164955 IN:COOKHD-6216.dfw.1080:dc757d0b-baef-4016-8995-02e90c330da9:/DA4AAAAAAAAAP/wFAUAdPBLf+//YJ2t9H4AUmNiAAAAAAATAAVTQVBTAQEKQ1VFSQCfNDk0Kv/0rhs=:PTS-5915913716
20200610162041 OUT:COOKHD-6216.dfw.1080:b7898e4e-6ed4-456f-b078-a341d9fb6eb1:/DAzAAAAAAAAAP/wDwUAdO9Hf0//VzWiXAAAAAAAEwAFU0FQUwEBCkNVRUkAnzQ5NCOM8wZX:DELETE
20200610162041 IN:COOKHD-6216.dfw.1080:b7898e4e-6ed4-456f-b078-a341d9fb6eb1:/DAzAAAAAAAAAP/wDwUAdO9Hf0//VzWiXAAAAAAAEwAFU0FQUwEBCkNVRUkAnzQ5NCOM8wZX:PTS-5758100060
20200610161941 OUT:COOKHD-6216.dfw.1080:d6c081a3-9822-4a74-9481-c58947670077:/DA4AAAAAAAAAP/wFAUAdO8zf+//VuMQDn4AUmNiAAAAAAATAAVTQVBTAQEKQ1VFSQCfNDk0KqudKHk=:NOOP
20200610161941 IN:COOKHD-6216.dfw.1080:d6c081a3-9822-4a74-9481-c58947670077:/DA4AAAAAAAAAP/wFAUAdO8zf+//VuMQDn4AUmNiAAAAAAATAAVTQVBTAQEKQ1VFSQCfNDk0KqudKHk=:PTS-5752688654
